Determining if the atomic_fetchadd_long exist failed with the following output:
Change Dir: /home/ec2-user/whdenovo-v0424/trioasm/SPAdes-3.13.0/build_spades/CMakeFiles/CMakeTmp

Run Build Command(s):/usr/bin/gmake cmTC_333a1/fast 
/usr/bin/gmake -f CMakeFiles/cmTC_333a1.dir/build.make CMakeFiles/cmTC_333a1.dir/build
gmake[1]: Entering directory `/home/ec2-user/whdenovo-v0424/trioasm/SPAdes-3.13.0/build_spades/CMakeFiles/CMakeTmp'
Building C object CMakeFiles/cmTC_333a1.dir/CheckSymbolExists.c.o
/usr/bin/cc   -fopenmp    -o CMakeFiles/cmTC_333a1.dir/CheckSymbolExists.c.o   -c /home/ec2-user/whdenovo-v0424/trioasm/SPAdes-3.13.0/build_spades/CMakeFiles/CMakeTmp/CheckSymbolExists.c
/home/ec2-user/whdenovo-v0424/trioasm/SPAdes-3.13.0/build_spades/CMakeFiles/CMakeTmp/CheckSymbolExists.c:3:10: fatal error: machine/atomic.h: No such file or directory
 #include <machine/atomic.h>
          ^~~~~~~~~~~~~~~~~~
compilation terminated.
gmake[1]: *** [CMakeFiles/cmTC_333a1.dir/CheckSymbolExists.c.o] Error 1
gmake[1]: Leaving directory `/home/ec2-user/whdenovo-v0424/trioasm/SPAdes-3.13.0/build_spades/CMakeFiles/CMakeTmp'
gmake: *** [cmTC_333a1/fast] Error 2

File /home/ec2-user/whdenovo-v0424/trioasm/SPAdes-3.13.0/build_spades/CMakeFiles/CMakeTmp/CheckSymbolExists.c:
/* */
#include <sys/types.h>
#include <machine/atomic.h>
#include <inttypes.h>

int main(int argc, char** argv)
{
  (void)argv;
#ifndef atomic_fetchadd_long
  return ((int*)(&atomic_fetchadd_long))[argc];
#else
  (void)argc;
  return 0;
#endif
}

Determining if the OSAtomicAdd64 exist failed with the following output:
Change Dir: /home/ec2-user/whdenovo-v0424/trioasm/SPAdes-3.13.0/build_spades/CMakeFiles/CMakeTmp

Run Build Command(s):/usr/bin/gmake cmTC_b3bed/fast 
/usr/bin/gmake -f CMakeFiles/cmTC_b3bed.dir/build.make CMakeFiles/cmTC_b3bed.dir/build
gmake[1]: Entering directory `/home/ec2-user/whdenovo-v0424/trioasm/SPAdes-3.13.0/build_spades/CMakeFiles/CMakeTmp'
Building C object CMakeFiles/cmTC_b3bed.dir/CheckSymbolExists.c.o
/usr/bin/cc   -fopenmp    -o CMakeFiles/cmTC_b3bed.dir/CheckSymbolExists.c.o   -c /home/ec2-user/whdenovo-v0424/trioasm/SPAdes-3.13.0/build_spades/CMakeFiles/CMakeTmp/CheckSymbolExists.c
/home/ec2-user/whdenovo-v0424/trioasm/SPAdes-3.13.0/build_spades/CMakeFiles/CMakeTmp/CheckSymbolExists.c:2:10: fatal error: libkern/OSAtomic.h: No such file or directory
 #include <libkern/OSAtomic.h>
          ^~~~~~~~~~~~~~~~~~~~
compilation terminated.
gmake[1]: *** [CMakeFiles/cmTC_b3bed.dir/CheckSymbolExists.c.o] Error 1
gmake[1]: Leaving directory `/home/ec2-user/whdenovo-v0424/trioasm/SPAdes-3.13.0/build_spades/CMakeFiles/CMakeTmp'
gmake: *** [cmTC_b3bed/fast] Error 2

File /home/ec2-user/whdenovo-v0424/trioasm/SPAdes-3.13.0/build_spades/CMakeFiles/CMakeTmp/CheckSymbolExists.c:
/* */
#include <libkern/OSAtomic.h>
#include <inttypes.h>

int main(int argc, char** argv)
{
  (void)argv;
#ifndef OSAtomicAdd64
  return ((int*)(&OSAtomicAdd64))[argc];
#else
  (void)argc;
  return 0;
#endif
}

Determining if the OSSpinLockLock exist failed with the following output:
Change Dir: /home/ec2-user/whdenovo-v0424/trioasm/SPAdes-3.13.0/build_spades/CMakeFiles/CMakeTmp

Run Build Command(s):/usr/bin/gmake cmTC_e5032/fast 
/usr/bin/gmake -f CMakeFiles/cmTC_e5032.dir/build.make CMakeFiles/cmTC_e5032.dir/build
gmake[1]: Entering directory `/home/ec2-user/whdenovo-v0424/trioasm/SPAdes-3.13.0/build_spades/CMakeFiles/CMakeTmp'
Building C object CMakeFiles/cmTC_e5032.dir/CheckSymbolExists.c.o
/usr/bin/cc   -fopenmp    -o CMakeFiles/cmTC_e5032.dir/CheckSymbolExists.c.o   -c /home/ec2-user/whdenovo-v0424/trioasm/SPAdes-3.13.0/build_spades/CMakeFiles/CMakeTmp/CheckSymbolExists.c
/home/ec2-user/whdenovo-v0424/trioasm/SPAdes-3.13.0/build_spades/CMakeFiles/CMakeTmp/CheckSymbolExists.c:2:10: fatal error: libkern/OSAtomic.h: No such file or directory
 #include <libkern/OSAtomic.h>
          ^~~~~~~~~~~~~~~~~~~~
compilation terminated.
gmake[1]: *** [CMakeFiles/cmTC_e5032.dir/CheckSymbolExists.c.o] Error 1
gmake[1]: Leaving directory `/home/ec2-user/whdenovo-v0424/trioasm/SPAdes-3.13.0/build_spades/CMakeFiles/CMakeTmp'
gmake: *** [cmTC_e5032/fast] Error 2

File /home/ec2-user/whdenovo-v0424/trioasm/SPAdes-3.13.0/build_spades/CMakeFiles/CMakeTmp/CheckSymbolExists.c:
/* */
#include <libkern/OSAtomic.h>
#include <inttypes.h>

int main(int argc, char** argv)
{
  (void)argv;
#ifndef OSSpinLockLock
  return ((int*)(&OSSpinLockLock))[argc];
#else
  (void)argc;
  return 0;
#endif
}

Determining if the function _malloc_thread_cleanup exists failed with the following output:
Change Dir: /home/ec2-user/whdenovo-v0424/trioasm/SPAdes-3.13.0/build_spades/CMakeFiles/CMakeTmp

Run Build Command(s):/usr/bin/gmake cmTC_5d393/fast 
/usr/bin/gmake -f CMakeFiles/cmTC_5d393.dir/build.make CMakeFiles/cmTC_5d393.dir/build
gmake[1]: Entering directory `/home/ec2-user/whdenovo-v0424/trioasm/SPAdes-3.13.0/build_spades/CMakeFiles/CMakeTmp'
Building C object CMakeFiles/cmTC_5d393.dir/CheckFunctionExists.c.o
/usr/bin/cc   -fopenmp -DCHECK_FUNCTION_EXISTS=_malloc_thread_cleanup   -o CMakeFiles/cmTC_5d393.dir/CheckFunctionExists.c.o   -c /usr/local/share/cmake-3.14/Modules/CheckFunctionExists.c
Linking C executable cmTC_5d393
/usr/local/bin/cmake -E cmake_link_script CMakeFiles/cmTC_5d393.dir/link.txt --verbose=1
/usr/bin/cc  -fopenmp -DCHECK_FUNCTION_EXISTS=_malloc_thread_cleanup    -rdynamic CMakeFiles/cmTC_5d393.dir/CheckFunctionExists.c.o  -o cmTC_5d393 
CMakeFiles/cmTC_5d393.dir/CheckFunctionExists.c.o: In function `main':
CheckFunctionExists.c:(.text+0x10): undefined reference to `_malloc_thread_cleanup'
collect2: error: ld returned 1 exit status
gmake[1]: *** [cmTC_5d393] Error 1
gmake[1]: Leaving directory `/home/ec2-user/whdenovo-v0424/trioasm/SPAdes-3.13.0/build_spades/CMakeFiles/CMakeTmp'
gmake: *** [cmTC_5d393/fast] Error 2


Determining if the function _pthread_mutex_init_calloc_cb, exists failed with the following output:
Change Dir: /home/ec2-user/whdenovo-v0424/trioasm/SPAdes-3.13.0/build_spades/CMakeFiles/CMakeTmp

Run Build Command(s):/usr/bin/gmake cmTC_cfb69/fast 
/usr/bin/gmake -f CMakeFiles/cmTC_cfb69.dir/build.make CMakeFiles/cmTC_cfb69.dir/build
gmake[1]: Entering directory `/home/ec2-user/whdenovo-v0424/trioasm/SPAdes-3.13.0/build_spades/CMakeFiles/CMakeTmp'
Building C object CMakeFiles/cmTC_cfb69.dir/CheckFunctionExists.c.o
/usr/bin/cc   -fopenmp -DCHECK_FUNCTION_EXISTS=_pthread_mutex_init_calloc_cb,   -o CMakeFiles/cmTC_cfb69.dir/CheckFunctionExists.c.o   -c /usr/local/share/cmake-3.14/Modules/CheckFunctionExists.c
/usr/local/share/cmake-3.14/Modules/CheckFunctionExists.c:7:25: error: expected identifier or ‘(’ before ‘void’
   CHECK_FUNCTION_EXISTS(void);
                         ^~~~
/usr/local/share/cmake-3.14/Modules/CheckFunctionExists.c: In function ‘main’:
/usr/local/share/cmake-3.14/Modules/CheckFunctionExists.c:17:25: error: expected expression before ‘)’ token
   CHECK_FUNCTION_EXISTS();
                         ^
gmake[1]: *** [CMakeFiles/cmTC_cfb69.dir/CheckFunctionExists.c.o] Error 1
gmake[1]: Leaving directory `/home/ec2-user/whdenovo-v0424/trioasm/SPAdes-3.13.0/build_spades/CMakeFiles/CMakeTmp'
gmake: *** [cmTC_cfb69/fast] Error 2


Determining if files cxxabi.h exist failed with the following output:
Change Dir: /home/ec2-user/whdenovo-v0424/trioasm/SPAdes-3.13.0/build_spades/CMakeFiles/CMakeTmp

Run Build Command(s):/usr/bin/gmake cmTC_6db77/fast 
/usr/bin/gmake -f CMakeFiles/cmTC_6db77.dir/build.make CMakeFiles/cmTC_6db77.dir/build
gmake[1]: Entering directory `/home/ec2-user/whdenovo-v0424/trioasm/SPAdes-3.13.0/build_spades/CMakeFiles/CMakeTmp'
Building C object CMakeFiles/cmTC_6db77.dir/HAVE_CXXABI_H.c.o
/usr/bin/cc   -fopenmp    -o CMakeFiles/cmTC_6db77.dir/HAVE_CXXABI_H.c.o   -c /home/ec2-user/whdenovo-v0424/trioasm/SPAdes-3.13.0/build_spades/CMakeFiles/CheckIncludeFiles/HAVE_CXXABI_H.c
/home/ec2-user/whdenovo-v0424/trioasm/SPAdes-3.13.0/build_spades/CMakeFiles/CheckIncludeFiles/HAVE_CXXABI_H.c:2:10: fatal error: cxxabi.h: No such file or directory
 #include <cxxabi.h>
          ^~~~~~~~~~
compilation terminated.
gmake[1]: *** [CMakeFiles/cmTC_6db77.dir/HAVE_CXXABI_H.c.o] Error 1
gmake[1]: Leaving directory `/home/ec2-user/whdenovo-v0424/trioasm/SPAdes-3.13.0/build_spades/CMakeFiles/CMakeTmp'
gmake: *** [cmTC_6db77/fast] Error 2

Source:
/* */
#include <cxxabi.h>


int main(void){return 0;}

Determining if files mach/mach.h exist failed with the following output:
Change Dir: /home/ec2-user/whdenovo-v0424/trioasm/SPAdes-3.13.0/build_spades/CMakeFiles/CMakeTmp

Run Build Command(s):/usr/bin/gmake cmTC_b9a71/fast 
/usr/bin/gmake -f CMakeFiles/cmTC_b9a71.dir/build.make CMakeFiles/cmTC_b9a71.dir/build
gmake[1]: Entering directory `/home/ec2-user/whdenovo-v0424/trioasm/SPAdes-3.13.0/build_spades/CMakeFiles/CMakeTmp'
Building C object CMakeFiles/cmTC_b9a71.dir/HAVE_MACH_MACH_H.c.o
/usr/bin/cc   -fopenmp    -o CMakeFiles/cmTC_b9a71.dir/HAVE_MACH_MACH_H.c.o   -c /home/ec2-user/whdenovo-v0424/trioasm/SPAdes-3.13.0/build_spades/CMakeFiles/CheckIncludeFiles/HAVE_MACH_MACH_H.c
/home/ec2-user/whdenovo-v0424/trioasm/SPAdes-3.13.0/build_spades/CMakeFiles/CheckIncludeFiles/HAVE_MACH_MACH_H.c:2:10: fatal error: mach/mach.h: No such file or directory
 #include <mach/mach.h>
          ^~~~~~~~~~~~~
compilation terminated.
gmake[1]: *** [CMakeFiles/cmTC_b9a71.dir/HAVE_MACH_MACH_H.c.o] Error 1
gmake[1]: Leaving directory `/home/ec2-user/whdenovo-v0424/trioasm/SPAdes-3.13.0/build_spades/CMakeFiles/CMakeTmp'
gmake: *** [cmTC_b9a71/fast] Error 2

Source:
/* */
#include <mach/mach.h>


int main(void){return 0;}

Determining if the function shm_open exists failed with the following output:
Change Dir: /home/ec2-user/whdenovo-v0424/trioasm/SPAdes-3.13.0/build_spades/CMakeFiles/CMakeTmp

Run Build Command(s):/usr/bin/gmake cmTC_db4b2/fast 
/usr/bin/gmake -f CMakeFiles/cmTC_db4b2.dir/build.make CMakeFiles/cmTC_db4b2.dir/build
gmake[1]: Entering directory `/home/ec2-user/whdenovo-v0424/trioasm/SPAdes-3.13.0/build_spades/CMakeFiles/CMakeTmp'
Building C object CMakeFiles/cmTC_db4b2.dir/CheckFunctionExists.c.o
/usr/bin/cc   -fopenmp -DCHECK_FUNCTION_EXISTS=shm_open   -o CMakeFiles/cmTC_db4b2.dir/CheckFunctionExists.c.o   -c /usr/local/share/cmake-3.14/Modules/CheckFunctionExists.c
Linking C executable cmTC_db4b2
/usr/local/bin/cmake -E cmake_link_script CMakeFiles/cmTC_db4b2.dir/link.txt --verbose=1
/usr/bin/cc  -fopenmp -DCHECK_FUNCTION_EXISTS=shm_open    -rdynamic CMakeFiles/cmTC_db4b2.dir/CheckFunctionExists.c.o  -o cmTC_db4b2 
CMakeFiles/cmTC_db4b2.dir/CheckFunctionExists.c.o: In function `main':
CheckFunctionExists.c:(.text+0x10): undefined reference to `shm_open'
collect2: error: ld returned 1 exit status
gmake[1]: *** [cmTC_db4b2] Error 1
gmake[1]: Leaving directory `/home/ec2-user/whdenovo-v0424/trioasm/SPAdes-3.13.0/build_spades/CMakeFiles/CMakeTmp'
gmake: *** [cmTC_db4b2/fast] Error 2


